<?xml version="1.0" encoding="UTF-8"?>
<!-- Generated by org.testng.reporters.JUnitReportReporter -->
<testsuite hostname="Sahu" failures="0" tests="1" name="com.Entrata.D02SecondTestCase" time="6.358" errors="0" timestamp="2024-10-27T22:13:41 IST" skipped="0">
  <testcase classname="com.Entrata.D02SecondTestCase" name="SignIn" time="6.358"/>
  <system-out/>
</testsuite> <!-- com.Entrata.D02SecondTestCase -->
