<?xml version="1.0" encoding="UTF-8"?>
<!-- Generated by org.testng.reporters.JUnitReportReporter -->
<testsuite hostname="Sahu" failures="0" tests="1" name="com.Entrata.D01FirstTestCase" time="12.087" errors="0" timestamp="2024-10-27T22:10:16 IST" skipped="0">
  <testcase classname="com.Entrata.D01FirstTestCase" name="openSSOEntrata" time="12.087"/>
  <system-out/>
</testsuite> <!-- com.Entrata.D01FirstTestCase -->
