<?xml version="1.0" encoding="UTF-8"?>
<!-- Generated by org.testng.reporters.JUnitReportReporter -->
<testsuite hostname="Sahu" failures="0" tests="1" name="com.TestNGDemos.D01FirstTest" time="0.013" errors="0" timestamp="2024-10-27T21:53:04 IST" skipped="0">
  <testcase classname="com.TestNGDemos.D01FirstTest" name="f" time="0.013"/>
  <system-out/>
</testsuite> <!-- com.TestNGDemos.D01FirstTest -->
